app/build/intermediates/manifest_merge_blame_file/debug/manifest-merger-blame-debug-report.txt
1<?xml version="1.0" encoding="utf-8"?>
2<manifest xmlns:android="http://schemas.android.com/apk/res/android"
3    package="com.example.project"
4    android:versionCode="1"
5    android:versionName="1.0" >
6
7    <uses-sdk
8        android:minSdkVersion="26"
8-->src\main\AndroidManifest.xml
9        android:targetSdkVersion="28" />
9-->src\main\AndroidManifest.xml
10
11    <application
11-->src\main\AndroidManifest.xml:5:5-23:19
12        android:allowBackup="true"
12-->src\main\AndroidManifest.xml:6:9-35
13        android:appComponentFactory="androidx.core.app.CoreComponentFactory"
13-->[androidx.core:core:1.1.0] AndroidManifest.xml:24:18-86
14        android:debuggable="true"
15        android:icon="@mipmap/ic_launcher"
15-->src\main\AndroidManifest.xml:7:9-43
16        android:label="@string/app_name"
16-->src\main\AndroidManifest.xml:8:9-41
17        android:roundIcon="@mipmap/ic_launcher_round"
17-->src\main\AndroidManifest.xml:9:9-54
18        android:supportsRtl="true"
18-->src\main\AndroidManifest.xml:10:9-35
19        android:testOnly="true"
20        android:theme="@style/AppTheme" >
20-->src\main\AndroidManifest.xml:11:9-40
21        <activity android:name="com.example.project.NewWordActivity" />
21-->src\main\AndroidManifest.xml:12:9-62
21-->src\main\AndroidManifest.xml:12:19-50
22        <activity
22-->src\main\AndroidManifest.xml:13:9-22:20
23            android:name="com.example.project.MainActivity"
23-->src\main\AndroidManifest.xml:14:13-41
24            android:label="@string/app_name"
24-->src\main\AndroidManifest.xml:15:13-45
25            android:theme="@style/AppTheme.NoActionBar" >
25-->src\main\AndroidManifest.xml:16:13-56
26            <intent-filter>
26-->src\main\AndroidManifest.xml:17:13-21:29
27                <action android:name="android.intent.action.MAIN" />
27-->src\main\AndroidManifest.xml:18:17-69
27-->src\main\AndroidManifest.xml:18:25-66
28
29                <category android:name="android.intent.category.LAUNCHER" />
29-->src\main\AndroidManifest.xml:20:17-77
29-->src\main\AndroidManifest.xml:20:27-74
30            </intent-filter>
31        </activity>
32
33        <service
33-->[androidx.room:room-runtime:2.2.0-beta01] AndroidManifest.xml:25:9-27:40
34            android:name="androidx.room.MultiInstanceInvalidationService"
34-->[androidx.room:room-runtime:2.2.0-beta01] AndroidManifest.xml:26:13-74
35            android:exported="false" />
35-->[androidx.room:room-runtime:2.2.0-beta01] AndroidManifest.xml:27:13-37
36
37        <provider
37-->[androidx.lifecycle:lifecycle-process:2.2.0-alpha03] AndroidManifest.xml:25:9-29:43
38            android:name="androidx.lifecycle.ProcessLifecycleOwnerInitializer"
38-->[androidx.lifecycle:lifecycle-process:2.2.0-alpha03] AndroidManifest.xml:26:13-79
39            android:authorities="com.example.project.lifecycle-process"
39-->[androidx.lifecycle:lifecycle-process:2.2.0-alpha03] AndroidManifest.xml:27:13-69
40            android:exported="false"
40-->[androidx.lifecycle:lifecycle-process:2.2.0-alpha03] AndroidManifest.xml:28:13-37
41            android:multiprocess="true" />
41-->[androidx.lifecycle:lifecycle-process:2.2.0-alpha03] AndroidManifest.xml:29:13-40
42    </application>
43
44</manifest>